#
# A fatal error has been detected by the Java Runtime Environment:
#
#  EXCEPTION_ACCESS_VIOLATION (0xc0000005) at pc=0x000000006209b090, pid=5748, tid=6008
#
# JRE version: Java(TM) SE Runtime Environment (8.0_73-b02) (build 1.8.0_73-b02)
# Java VM: Java HotSpot(TM) 64-Bit Server VM (25.73-b02 mixed mode windows-amd64 compressed oops)
# Problematic frame:
# V  [jvm.dll+0x49b090]
#
# Failed to write core dump. Minidumps are not enabled by default on client versions of Windows
#
# If you would like to submit a bug report, please visit:
#   http://bugreport.java.com/bugreport/crash.jsp
#

---------------  T H R E A D  ---------------

Current thread (0x00000000146a9000):  JavaThread "C2 CompilerThread0" daemon [_thread_in_native, id=6008, stack(0x0000000015e00000,0x0000000015f00000)]

siginfo: ExceptionCode=0xc0000005, writing address 0x0000000000000000

Registers:
RAX=0x0000000000000000, RBX=0x000000001a5b9870, RCX=0x0000000015efc220, RDX=0x0000000000000760
RSP=0x0000000015efc188, RBP=0x0000000000001049, RSI=0x0000000015efc540, RDI=0x0000000000002e8d
R8 =0x0000000000000200, R9 =0x0000000016c1f6a0, R10=0x0000000061c00000, R11=0x000000001a56df10
R12=0x0000000062410d38, R13=0x000000001baee040, R14=0x0000000000110970, R15=0x0000000061c00000
RIP=0x000000006209b090, EFLAGS=0x0000000000010246

Top of Stack: (sp=0x0000000015efc188)
0x0000000015efc188:   000000006206425f 0000000015efc560
0x0000000015efc198:   000000001a5b3830 0000000000001049
0x0000000015efc1a8:   0000000015efc540 0000270300000000
0x0000000015efc1b8:   0000000000000008 0000000016937e20
0x0000000015efc1c8:   0000000000000034 0000000016a557c0
0x0000000015efc1d8:   0000000000000034 000000001a56d6f0
0x0000000015efc1e8:   0000334500000000 0000000000000008
0x0000000015efc1f8:   000000001b299e00 0000000000000034
0x0000000015efc208:   000000001b2745f0 0000000000000034
0x0000000015efc218:   000000001a48adf0 00002e9200000000
0x0000000015efc228:   0000000000000005 000000001b27ef80
0x0000000015efc238:   000000000000002f 00000000178ca730
0x0000000015efc248:   0000000000000034 0000000015efc560
0x0000000015efc258:   0000000000000034 00000000198805c0
0x0000000015efc268:   0000000015efc540 0000000000001049
0x0000000015efc278:   000000001a56d6f0 00000000000026f1 

Instructions: (pc=0x000000006209b090)
0x000000006209b070:   bb 90 00 00 00 72 e9 48 8b 5c 24 40 48 83 c4 20
0x000000006209b080:   5f c3 cc cc cc cc cc cc cc cc cc cc cc cc cc cc
0x000000006209b090:   40 57 48 83 ec 20 48 63 51 08 48 8b f9 83 fa 08
0x000000006209b0a0:   73 22 48 8b 41 10 48 8d 0c 90 66 0f 1f 44 00 00 


Register to memory mapping:

RAX=0x0000000000000000 is an unknown value
RBX=0x000000001a5b9870 is an unknown value
RCX=0x0000000015efc220 is pointing into the stack for thread: 0x00000000146a9000
RDX=0x0000000000000760 is an unknown value
RSP=0x0000000015efc188 is pointing into the stack for thread: 0x00000000146a9000
RBP=0x0000000000001049 is an unknown value
RSI=0x0000000015efc540 is pointing into the stack for thread: 0x00000000146a9000
RDI=0x0000000000002e8d is an unknown value
R8 =0x0000000000000200 is an unknown value
R9 =0x0000000016c1f6a0 is an unknown value
R10=0x0000000061c00000 is an unknown value
R11=0x000000001a56df10 is an unknown value
R12=0x0000000062410d38 is an unknown value
R13=0x000000001baee040 is an unknown value
R14=0x0000000000110970 is an unknown value
R15=0x0000000061c00000 is an unknown value


Stack: [0x0000000015e00000,0x0000000015f00000],  sp=0x0000000015efc188,  free space=1008k
Native frames: (J=compiled Java code, j=interpreted, Vv=VM code, C=native code)
V  [jvm.dll+0x49b090]
V  [jvm.dll+0x46425f]
V  [jvm.dll+0x465d28]
V  [jvm.dll+0x465f16]
V  [jvm.dll+0x463aa4]
V  [jvm.dll+0x462c54]
V  [jvm.dll+0x46dbbb]
V  [jvm.dll+0x4701d2]
V  [jvm.dll+0x453492]
V  [jvm.dll+0xa4932]
V  [jvm.dll+0xa526f]
V  [jvm.dll+0x243234]
V  [jvm.dll+0x29a10a]
C  [msvcr100.dll+0x21d9f]
C  [msvcr100.dll+0x21e3b]
C  [KERNEL32.DLL+0x13d2]
C  [ntdll.dll+0x154e4]


Current CompileTask:
C2:   4337 1521   !   4       java.net.URLClassLoader$1::run (63 bytes)


---------------  P R O C E S S  ---------------

Java Threads: ( => current thread )
  0x0000000017632000 JavaThread "File lock request listener" [_thread_in_native, id=5316, stack(0x0000000019c70000,0x0000000019d70000)]
  0x0000000017442800 JavaThread "Stdin handler" [_thread_blocked, id=6900, stack(0x00000000189a0000,0x0000000018aa0000)]
  0x000000001743b000 JavaThread "Daemon worker" [_thread_in_Java, id=7216, stack(0x00000000188a0000,0x00000000189a0000)]
  0x0000000017434800 JavaThread "Cancel handler" [_thread_blocked, id=7804, stack(0x00000000187a0000,0x00000000188a0000)]
  0x0000000016e4b000 JavaThread "Handler for socket connection from /127.0.0.1:59762 to /127.0.0.1:59764" [_thread_in_native, id=6724, stack(0x00000000186a0000,0x00000000187a0000)]
  0x0000000017238800 JavaThread "Daemon" [_thread_blocked, id=2396, stack(0x00000000185a0000,0x00000000186a0000)]
  0x00000000172ab800 JavaThread "Incoming local TCP Connector on port 59762" [_thread_in_native, id=7244, stack(0x00000000181b0000,0x00000000182b0000)]
  0x000000001611f800 JavaThread "Service Thread" daemon [_thread_blocked, id=6092, stack(0x0000000016500000,0x0000000016600000)]
  0x00000000146fb800 JavaThread "C1 CompilerThread2" daemon [_thread_blocked, id=6180, stack(0x0000000016000000,0x0000000016100000)]
  0x00000000146ee800 JavaThread "C2 CompilerThread1" daemon [_thread_in_native, id=8004, stack(0x0000000015f00000,0x0000000016000000)]
=>0x00000000146a9000 JavaThread "C2 CompilerThread0" daemon [_thread_in_native, id=6008, stack(0x0000000015e00000,0x0000000015f00000)]
  0x00000000146a7000 JavaThread "Attach Listener" daemon [_thread_blocked, id=6896, stack(0x0000000015d00000,0x0000000015e00000)]
  0x00000000146a6000 JavaThread "Signal Dispatcher" daemon [_thread_blocked, id=5644, stack(0x0000000015c00000,0x0000000015d00000)]
  0x0000000001fc7000 JavaThread "Finalizer" daemon [_thread_blocked, id=2372, stack(0x00000000158f0000,0x00000000159f0000)]
  0x0000000001fbe000 JavaThread "Reference Handler" daemon [_thread_blocked, id=3164, stack(0x00000000157f0000,0x00000000158f0000)]
  0x0000000001ebe000 JavaThread "main" [_thread_blocked, id=6524, stack(0x0000000001ce0000,0x0000000001de0000)]

Other Threads:
  0x0000000014668000 VMThread [stack: 0x00000000156f0000,0x00000000157f0000] [id=7596]
  0x0000000016123800 WatcherThread [stack: 0x0000000016600000,0x0000000016700000] [id=2380]

VM state:not at safepoint (normal execution)

VM Mutex/Monitor currently owned by a thread:  ([mutex/lock_event])
[0x0000000001ed1d50] CompileStatistics_lock - owner thread: 0x0000000000000000

Heap:
 PSYoungGen      total 38400K, used 2093K [0x00000000eab00000, 0x00000000ef600000, 0x0000000100000000)
  eden space 33280K, 6% used [0x00000000eab00000,0x00000000ead0b640,0x00000000ecb80000)
  from space 5120K, 0% used [0x00000000ed080000,0x00000000ed080000,0x00000000ed580000)
  to   space 5120K, 0% used [0x00000000ecb80000,0x00000000ecb80000,0x00000000ed080000)
 ParOldGen       total 58368K, used 7943K [0x00000000c0000000, 0x00000000c3900000, 0x00000000eab00000)
  object space 58368K, 13% used [0x00000000c0000000,0x00000000c07c1dc0,0x00000000c3900000)
 Metaspace       used 21062K, capacity 21446K, committed 21632K, reserved 1069056K
  class space    used 2808K, capacity 2919K, committed 2944K, reserved 1048576K

Card table byte_map: [0x0000000011390000,0x00000000115a0000] byte_map_base: 0x0000000010d90000

Marking Bits: (ParMarkBitMap*) 0x0000000062410600
 Begin Bits: [0x0000000011b00000, 0x0000000012b00000)
 End Bits:   [0x0000000012b00000, 0x0000000013b00000)

Polling page: 0x0000000000460000

CodeCache: size=245760Kb used=5975Kb max_used=5985Kb free=239784Kb
 bounds [0x0000000001fd0000, 0x00000000025b0000, 0x0000000010fd0000]
 total_blobs=2194 nmethods=1804 adapters=302
 compilation: enabled

Compilation events (10 events):
Event: 4.203 Thread 0x00000000146fb800 nmethod 1767 0x0000000002594150 code [0x00000000025942a0, 0x0000000002594470]
Event: 4.203 Thread 0x00000000146fb800 1768       3       org.codehaus.groovy.ast.ClassNode::setGenericsTypes (26 bytes)
Event: 4.204 Thread 0x00000000146fb800 nmethod 1768 0x0000000002594510 code [0x0000000002594660, 0x0000000002594870]
Event: 4.204 Thread 0x00000000146fb800 1769       3       sun.reflect.generics.visitor.Reifier::getResult (26 bytes)
Event: 4.204 Thread 0x00000000146fb800 nmethod 1769 0x0000000002594910 code [0x0000000002594a60, 0x0000000002594bd0]
Event: 4.204 Thread 0x00000000146fb800 1770       3       org.codehaus.groovy.ast.MethodNode::<init> (90 bytes)
Event: 4.205 Thread 0x00000000146fb800 nmethod 1770 0x0000000002594c50 code [0x0000000002594e20, 0x00000000025957d8]
Event: 4.292 Thread 0x00000000146ee800 nmethod 1738 0x0000000002599bd0 code [0x0000000002599de0, 0x000000000259b188]
Event: 4.292 Thread 0x00000000146ee800 1751       4       org.codehaus.groovy.ast.ClassNode::<init> (201 bytes)
Event: 4.295 Thread 0x00000000146ee800 nmethod 1751 0x00000000025965d0 code [0x0000000002596740, 0x0000000002596a88]

GC Heap History (10 events):
Event: 0.919 GC heap before
{Heap before GC invocations=1 (full 0):
 PSYoungGen      total 38400K, used 33280K [0x00000000eab00000, 0x00000000ed580000, 0x0000000100000000)
  eden space 33280K, 100% used [0x00000000eab00000,0x00000000ecb80000,0x00000000ecb80000)
  from space 5120K, 0% used [0x00000000ed080000,0x00000000ed080000,0x00000000ed580000)
  to   space 5120K, 0% used [0x00000000ecb80000,0x00000000ecb80000,0x00000000ed080000)
 ParOldGen       total 87552K, used 0K [0x00000000c0000000, 0x00000000c5580000, 0x00000000eab00000)
  object space 87552K, 0% used [0x00000000c0000000,0x00000000c0000000,0x00000000c5580000)
 Metaspace       used 5815K, capacity 6320K, committed 6528K, reserved 1056768K
  class space    used 767K, capacity 832K, committed 896K, reserved 1048576K
Event: 0.925 GC heap after
Heap after GC invocations=1 (full 0):
 PSYoungGen      total 38400K, used 3864K [0x00000000eab00000, 0x00000000ed580000, 0x0000000100000000)
  eden space 33280K, 0% used [0x00000000eab00000,0x00000000eab00000,0x00000000ecb80000)
  from space 5120K, 75% used [0x00000000ecb80000,0x00000000ecf46398,0x00000000ed080000)
  to   space 5120K, 0% used [0x00000000ed080000,0x00000000ed080000,0x00000000ed580000)
 ParOldGen       total 87552K, used 8K [0x00000000c0000000, 0x00000000c5580000, 0x00000000eab00000)
  object space 87552K, 0% used [0x00000000c0000000,0x00000000c0002000,0x00000000c5580000)
 Metaspace       used 5815K, capacity 6320K, committed 6528K, reserved 1056768K
  class space    used 767K, capacity 832K, committed 896K, reserved 1048576K
}
Event: 2.509 GC heap before
{Heap before GC invocations=2 (full 0):
 PSYoungGen      total 38400K, used 37144K [0x00000000eab00000, 0x00000000ed580000, 0x0000000100000000)
  eden space 33280K, 100% used [0x00000000eab00000,0x00000000ecb80000,0x00000000ecb80000)
  from space 5120K, 75% used [0x00000000ecb80000,0x00000000ecf46398,0x00000000ed080000)
  to   space 5120K, 0% used [0x00000000ed080000,0x00000000ed080000,0x00000000ed580000)
 ParOldGen       total 87552K, used 8K [0x00000000c0000000, 0x00000000c5580000, 0x00000000eab00000)
  object space 87552K, 0% used [0x00000000c0000000,0x00000000c0002000,0x00000000c5580000)
 Metaspace       used 12698K, capacity 13048K, committed 13184K, reserved 1060864K
  class space    used 1736K, capacity 1876K, committed 1920K, reserved 1048576K
Event: 2.523 GC heap after
Heap after GC invocations=2 (full 0):
 PSYoungGen      total 38400K, used 5113K [0x00000000eab00000, 0x00000000ed580000, 0x0000000100000000)
  eden space 33280K, 0% used [0x00000000eab00000,0x00000000eab00000,0x00000000ecb80000)
  from space 5120K, 99% used [0x00000000ed080000,0x00000000ed57e530,0x00000000ed580000)
  to   space 5120K, 0% used [0x00000000ecb80000,0x00000000ecb80000,0x00000000ed080000)
 ParOldGen       total 87552K, used 1657K [0x00000000c0000000, 0x00000000c5580000, 0x00000000eab00000)
  object space 87552K, 1% used [0x00000000c0000000,0x00000000c019e5e0,0x00000000c5580000)
 Metaspace       used 12698K, capacity 13048K, committed 13184K, reserved 1060864K
  class space    used 1736K, capacity 1876K, committed 1920K, reserved 1048576K
}
Event: 3.914 GC heap before
{Heap before GC invocations=3 (full 0):
 PSYoungGen      total 38400K, used 38393K [0x00000000eab00000, 0x00000000ed580000, 0x0000000100000000)
  eden space 33280K, 100% used [0x00000000eab00000,0x00000000ecb80000,0x00000000ecb80000)
  from space 5120K, 99% used [0x00000000ed080000,0x00000000ed57e530,0x00000000ed580000)
  to   space 5120K, 0% used [0x00000000ecb80000,0x00000000ecb80000,0x00000000ed080000)
 ParOldGen       total 87552K, used 1657K [0x00000000c0000000, 0x00000000c5580000, 0x00000000eab00000)
  object space 87552K, 1% used [0x00000000c0000000,0x00000000c019e5e0,0x00000000c5580000)
 Metaspace       used 19245K, capacity 19598K, committed 19712K, reserved 1067008K
  class space    used 2613K, capacity 2753K, committed 2816K, reserved 1048576K
Event: 3.927 GC heap after
Heap after GC invocations=3 (full 0):
 PSYoungGen      total 38400K, used 5108K [0x00000000eab00000, 0x00000000ed580000, 0x0000000100000000)
  eden space 33280K, 0% used [0x00000000eab00000,0x00000000eab00000,0x00000000ecb80000)
  from space 5120K, 99% used [0x00000000ecb80000,0x00000000ed07d0d0,0x00000000ed080000)
  to   space 5120K, 0% used [0x00000000ed080000,0x00000000ed080000,0x00000000ed580000)
 ParOldGen       total 87552K, used 6162K [0x00000000c0000000, 0x00000000c5580000, 0x00000000eab00000)
  object space 87552K, 7% used [0x00000000c0000000,0x00000000c0604a80,0x00000000c5580000)
 Metaspace       used 19245K, capacity 19598K, committed 19712K, reserved 1067008K
  class space    used 2613K, capacity 2753K, committed 2816K, reserved 1048576K
}
Event: 4.207 GC heap before
{Heap before GC invocations=4 (full 0):
 PSYoungGen      total 38400K, used 25842K [0x00000000eab00000, 0x00000000ed580000, 0x0000000100000000)
  eden space 33280K, 62% used [0x00000000eab00000,0x00000000ebf3f9d0,0x00000000ecb80000)
  from space 5120K, 99% used [0x00000000ecb80000,0x00000000ed07d0d0,0x00000000ed080000)
  to   space 5120K, 0% used [0x00000000ed080000,0x00000000ed080000,0x00000000ed580000)
 ParOldGen       total 87552K, used 6162K [0x00000000c0000000, 0x00000000c5580000, 0x00000000eab00000)
  object space 87552K, 7% used [0x00000000c0000000,0x00000000c0604a80,0x00000000c5580000)
 Metaspace       used 20795K, capacity 21146K, committed 21296K, reserved 1067008K
  class space    used 2776K, capacity 2883K, committed 2944K, reserved 1048576K
Event: 4.231 GC heap after
Heap after GC invocations=4 (full 0):
 PSYoungGen      total 38400K, used 5096K [0x00000000eab00000, 0x00000000ef600000, 0x0000000100000000)
  eden space 33280K, 0% used [0x00000000eab00000,0x00000000eab00000,0x00000000ecb80000)
  from space 5120K, 99% used [0x00000000ed080000,0x00000000ed57a0c0,0x00000000ed580000)
  to   space 5120K, 0% used [0x00000000ecb80000,0x00000000ecb80000,0x00000000ed080000)
 ParOldGen       total 87552K, used 8263K [0x00000000c0000000, 0x00000000c5580000, 0x00000000eab00000)
  object space 87552K, 9% used [0x00000000c0000000,0x00000000c0811f20,0x00000000c5580000)
 Metaspace       used 20795K, capacity 21146K, committed 21296K, reserved 1067008K
  class space    used 2776K, capacity 2883K, committed 2944K, reserved 1048576K
}
Event: 4.231 GC heap before
{Heap before GC invocations=5 (full 1):
 PSYoungGen      total 38400K, used 5096K [0x00000000eab00000, 0x00000000ef600000, 0x0000000100000000)
  eden space 33280K, 0% used [0x00000000eab00000,0x00000000eab00000,0x00000000ecb80000)
  from space 5120K, 99% used [0x00000000ed080000,0x00000000ed57a0c0,0x00000000ed580000)
  to   space 5120K, 0% used [0x00000000ecb80000,0x00000000ecb80000,0x00000000ed080000)
 ParOldGen       total 87552K, used 8263K [0x00000000c0000000, 0x00000000c5580000, 0x00000000eab00000)
  object space 87552K, 9% used [0x00000000c0000000,0x00000000c0811f20,0x00000000c5580000)
 Metaspace       used 20795K, capacity 21146K, committed 21296K, reserved 1067008K
  class space    used 2776K, capacity 2883K, committed 2944K, reserved 1048576K
Event: 4.291 GC heap after
Heap after GC invocations=5 (full 1):
 PSYoungGen      total 38400K, used 0K [0x00000000eab00000, 0x00000000ef600000, 0x0000000100000000)
  eden space 33280K, 0% used [0x00000000eab00000,0x00000000eab00000,0x00000000ecb80000)
  from space 5120K, 0% used [0x00000000ed080000,0x00000000ed080000,0x00000000ed580000)
  to   space 5120K, 0% used [0x00000000ecb80000,0x00000000ecb80000,0x00000000ed080000)
 ParOldGen       total 58368K, used 7943K [0x00000000c0000000, 0x00000000c3900000, 0x00000000eab00000)
  object space 58368K, 13% used [0x00000000c0000000,0x00000000c07c1dc0,0x00000000c3900000)
 Metaspace       used 20795K, capacity 21146K, committed 21296K, reserved 1067008K
  class space    used 2776K, capacity 2883K, committed 2944K, reserved 1048576K
}

Deoptimization events (10 events):
Event: 3.024 Thread 0x000000001743b000 Uncommon trap: reason=class_check action=maybe_recompile pc=0x0000000002482674 method=org.gradle.internal.service.DefaultServiceRegistry$SingletonService.getService(Lorg/gradle/internal/service/DefaultServiceRegistry$LookupContext;Lorg/gradle/internal/serv»E5∆Ï¢@
Event: 3.455 Thread 0x000000001743b000 Uncommon trap: reason=bimorphic action=maybe_recompile pc=0x000000000242e4c8 method=java.lang.ClassLoader.loadClass(Ljava/lang/String;Z)Ljava/lang/Class; @ 38
Event: 3.462 Thread 0x000000001743b000 Uncommon trap: reason=bimorphic action=maybe_recompile pc=0x000000000242e4c8 method=java.lang.ClassLoader.loadClass(Ljava/lang/String;Z)Ljava/lang/Class; @ 38
Event: 3.463 Thread 0x000000001743b000 Uncommon trap: reason=bimorphic action=maybe_recompile pc=0x000000000242e4c8 method=java.lang.ClassLoader.loadClass(Ljava/lang/String;Z)Ljava/lang/Class; @ 38
Event: 3.463 Thread 0x000000001743b000 Uncommon trap: reason=bimorphic action=maybe_recompile pc=0x000000000242e4c8 method=java.lang.ClassLoader.loadClass(Ljava/lang/String;Z)Ljava/lang/Class; @ 38
Event: 3.705 Thread 0x000000001743b000 Uncommon trap: reason=unstable_if action=reinterpret pc=0x000000000229f46c method=java.lang.AbstractStringBuilder.append(Ljava/lang/String;)Ljava/lang/AbstractStringBuilder; @ 1
Event: 3.705 Thread 0x000000001743b000 Uncommon trap: reason=unstable_if action=reinterpret pc=0x0000000002201e14 method=java.lang.AbstractStringBuilder.append(Ljava/lang/String;)Ljava/lang/AbstractStringBuilder; @ 1
Event: 4.068 Thread 0x000000001743b000 Uncommon trap: reason=unstable_if action=reinterpret pc=0x00000000024d615c method=org.codehaus.groovy.ast.ClassNode.redirect()Lorg/codehaus/groovy/ast/ClassNode; @ 4
Event: 4.080 Thread 0x000000001743b000 Uncommon trap: reason=unstable_if action=reinterpret pc=0x0000000002504c5c method=org.codehaus.groovy.ast.ClassNode.redirect()Lorg/codehaus/groovy/ast/ClassNode; @ 4
Event: 4.088 Thread 0x000000001743b000 Uncommon trap: reason=unstable_if action=reinterpret pc=0x000000000227e630 method=java.util.LinkedHashMap.afterNodeInsertion(Z)V @ 1

Internal exceptions (10 events):
Event: 2.757 Thread 0x000000001743b000 Exception <a 'java/lang/ClassNotFoundException': org/gradle/api/internal/plugins/DefaultExtraPropertiesExtensionCustomizer> (0x00000000eb2f4788) thrown at [D:\re\puppet\workspace\8-2-build-windows-amd64-cygwin\jdk8u73\6086\hotspot\src\share\vm\classfile\syA≥}4]∑@
Event: 3.465 Thread 0x000000001743b000 Exception <a 'java/lang/NoSuchMethodError': <clinit>> (0x00000000ec2605d0) thrown at [D:\re\puppet\workspace\8-2-build-windows-amd64-cygwin\jdk8u73\6086\hotspot\src\share\vm\prims\jni.cpp, line 1591]
Event: 3.496 Thread 0x000000001743b000 Exception <a 'java/lang/NoSuchMethodError': <clinit>> (0x00000000ec2984c0) thrown at [D:\re\puppet\workspace\8-2-build-windows-amd64-cygwin\jdk8u73\6086\hotspot\src\share\vm\prims\jni.cpp, line 1591]
Event: 3.497 Thread 0x000000001743b000 Exception <a 'java/lang/NoSuchMethodError': <clinit>> (0x00000000ec2aa9e8) thrown at [D:\re\puppet\workspace\8-2-build-windows-amd64-cygwin\jdk8u73\6086\hotspot\src\share\vm\prims\jni.cpp, line 1591]
Event: 3.642 Thread 0x000000001743b000 Exception <a 'java/lang/NoSuchMethodError': <clinit>> (0x00000000ec2d00e0) thrown at [D:\re\puppet\workspace\8-2-build-windows-amd64-cygwin\jdk8u73\6086\hotspot\src\share\vm\prims\jni.cpp, line 1591]
Event: 3.643 Thread 0x000000001743b000 Exception <a 'java/lang/NoSuchMethodError': <clinit>> (0x00000000ec2d9d60) thrown at [D:\re\puppet\workspace\8-2-build-windows-amd64-cygwin\jdk8u73\6086\hotspot\src\share\vm\prims\jni.cpp, line 1591]
Event: 3.649 Thread 0x000000001743b000 Exception <a 'java/lang/NoSuchMethodError': <clinit>> (0x00000000ec317350) thrown at [D:\re\puppet\workspace\8-2-build-windows-amd64-cygwin\jdk8u73\6086\hotspot\src\share\vm\prims\jni.cpp, line 1591]
Event: 3.651 Thread 0x000000001743b000 Exception <a 'java/lang/NoSuchMethodError': <clinit>> (0x00000000ec325990) thrown at [D:\re\puppet\workspace\8-2-build-windows-amd64-cygwin\jdk8u73\6086\hotspot\src\share\vm\prims\jni.cpp, line 1591]
Event: 3.705 Thread 0x000000001743b000 Implicit null exception at 0x000000000229f116 to 0x000000000229f455
Event: 3.705 Thread 0x000000001743b000 Implicit null exception at 0x0000000002201ad6 to 0x0000000002201dfd

Events (10 events):
Event: 4.304 loading class org/codehaus/groovy/classgen/asm/StatementMetaTypeChooser
Event: 4.304 loading class org/codehaus/groovy/classgen/asm/StatementMetaTypeChooser done
Event: 4.305 loading class org/codehaus/groovy/classgen/asm/OptimizingStatementWriter$OptVisitor
Event: 4.305 loading class org/codehaus/groovy/classgen/asm/OptimizingStatementWriter$OptVisitor done
Event: 4.306 loading class org/codehaus/groovy/classgen/asm/OptimizingStatementWriter$OptimizeFlagsCollector
Event: 4.306 loading class org/codehaus/groovy/classgen/asm/OptimizingStatementWriter$OptimizeFlagsCollector done
Event: 4.307 loading class org/codehaus/groovy/classgen/asm/OptimizingStatementWriter$OptimizeFlagsCollector$OptimizeFlagsEntry
Event: 4.307 loading class org/codehaus/groovy/classgen/asm/OptimizingStatementWriter$OptimizeFlagsCollector$OptimizeFlagsEntry done
Event: 4.307 loading class org/codehaus/groovy/classgen/asm/OptimizingStatementWriter$StatementMeta
Event: 4.307 loading class org/codehaus/groovy/classgen/asm/OptimizingStatementWriter$StatementMeta done


Dynamic libraries:
0x00007ff7d0420000 - 0x00007ff7d0457000 	C:\Program Files\Java\jdk1.8.0_73\bin\java.exe
0x00007ffe52140000 - 0x00007ffe522ed000 	C:\Windows\SYSTEM32\ntdll.dll
0x00007ffe4fbc0000 - 0x00007ffe4fcfe000 	C:\Windows\system32\KERNEL32.DLL
0x00007ffe4f5a0000 - 0x00007ffe4f6b5000 	C:\Windows\system32\KERNELBASE.dll
0x00007ffe4cf70000 - 0x00007ffe4cffe000 	C:\Windows\system32\apphelp.dll
0x00007ffe44930000 - 0x00007ffe44983000 	C:\Windows\AppPatch\AppPatch64\AcGenral.DLL
0x00007ffe4f7e0000 - 0x00007ffe4f88a000 	C:\Windows\system32\msvcrt.dll
0x00007ffe4f0c0000 - 0x00007ffe4f0ee000 	C:\Windows\SYSTEM32\SspiCli.dll
0x00007ffe50560000 - 0x00007ffe505b4000 	C:\Windows\system32\SHLWAPI.dll
0x00007ffe51f80000 - 0x00007ffe520f7000 	C:\Windows\system32\USER32.dll
0x00007ffe4fd10000 - 0x00007ffe4fea4000 	C:\Windows\system32\ole32.dll
0x00007ffe505c0000 - 0x00007ffe51aeb000 	C:\Windows\system32\SHELL32.dll
0x00007ffe4e840000 - 0x00007ffe4e861000 	C:\Windows\SYSTEM32\USERENV.dll
0x00007ffe502c0000 - 0x00007ffe5036a000 	C:\Windows\system32\ADVAPI32.dll
0x00007ffe452d0000 - 0x00007ffe452ee000 	C:\Windows\SYSTEM32\MPR.dll
0x00007ffe51af0000 - 0x00007ffe51c31000 	C:\Windows\system32\RPCRT4.dll
0x00007ffe50260000 - 0x00007ffe502b9000 	C:\Windows\SYSTEM32\sechost.dll
0x00007ffe4ff70000 - 0x00007ffe50181000 	C:\Windows\SYSTEM32\combase.dll
0x00007ffe4f890000 - 0x00007ffe4f9e0000 	C:\Windows\system32\GDI32.dll
0x00007ffe4f290000 - 0x00007ffe4f2a5000 	C:\Windows\SYSTEM32\profapi.dll
0x00007ffe4d9a0000 - 0x00007ffe4da52000 	C:\Windows\SYSTEM32\SHCORE.dll
0x00007ffe52100000 - 0x00007ffe52136000 	C:\Windows\system32\IMM32.DLL
0x00007ffe51e20000 - 0x00007ffe51f71000 	C:\Windows\system32\MSCTF.dll
0x00007ffe4d2b0000 - 0x00007ffe4d52a000 	C:\Windows\WinSxS\amd64_microsoft.windows.common-controls_6595b64144ccf1df_6.0.9600.17810_none_6240b9c7ecbd0bda\COMCTL32.dll
0x0000000061690000 - 0x0000000061762000 	C:\Program Files\Java\jdk1.8.0_73\jre\bin\msvcr100.dll
0x0000000061c00000 - 0x0000000062490000 	C:\Program Files\Java\jdk1.8.0_73\jre\bin\server\jvm.dll
0x00007ffe4c7c0000 - 0x00007ffe4c7c9000 	C:\Windows\SYSTEM32\WSOCK32.dll
0x00007ffe42450000 - 0x00007ffe42472000 	C:\Windows\SYSTEM32\WINMM.dll
0x00007ffe468c0000 - 0x00007ffe468ca000 	C:\Windows\SYSTEM32\VERSION.dll
0x00007ffe51e10000 - 0x00007ffe51e17000 	C:\Windows\system32\PSAPI.DLL
0x00007ffe50200000 - 0x00007ffe5025a000 	C:\Windows\system32\WS2_32.dll
0x00007ffe42310000 - 0x00007ffe4233a000 	C:\Windows\SYSTEM32\WINMMBASE.dll
0x00007ffe51e00000 - 0x00007ffe51e09000 	C:\Windows\system32\NSI.dll
0x00007ffe4f770000 - 0x00007ffe4f7bf000 	C:\Windows\SYSTEM32\cfgmgr32.dll
0x00007ffe4e080000 - 0x00007ffe4e0a8000 	C:\Windows\SYSTEM32\DEVOBJ.dll
0x0000000061bf0000 - 0x0000000061bff000 	C:\Program Files\Java\jdk1.8.0_73\jre\bin\verify.dll
0x0000000061bc0000 - 0x0000000061be9000 	C:\Program Files\Java\jdk1.8.0_73\jre\bin\java.dll
0x0000000061ba0000 - 0x0000000061bb6000 	C:\Program Files\Java\jdk1.8.0_73\jre\bin\zip.dll
0x0000000061b80000 - 0x0000000061b9a000 	C:\Program Files\Java\jdk1.8.0_73\jre\bin\net.dll
0x00007ffe4eba0000 - 0x00007ffe4ebf9000 	C:\Windows\system32\mswsock.dll
0x0000000061b60000 - 0x0000000061b71000 	C:\Program Files\Java\jdk1.8.0_73\jre\bin\nio.dll
0x00007ffe44e40000 - 0x00007ffe44e52000 	C:\Users\nor\.gradle\native\19\windows-amd64\native-platform.dll
0x00007ffe48860000 - 0x00007ffe4888a000 	C:\Windows\SYSTEM32\IPHLPAPI.DLL
0x00007ffe48840000 - 0x00007ffe4884a000 	C:\Windows\SYSTEM32\WINNSI.DLL
0x00007ffe483c0000 - 0x00007ffe483d6000 	C:\Windows\SYSTEM32\dhcpcsvc6.DLL
0x00007ffe48510000 - 0x00007ffe4852a000 	C:\Windows\SYSTEM32\dhcpcsvc.DLL
0x00007ffe4ec00000 - 0x00007ffe4ec20000 	C:\Windows\SYSTEM32\CRYPTSP.dll
0x00007ffe4e7b0000 - 0x00007ffe4e7e6000 	C:\Windows\system32\rsaenh.dll
0x00007ffe4ed10000 - 0x00007ffe4ed36000 	C:\Windows\SYSTEM32\bcrypt.dll
0x00007ffe4f0f0000 - 0x00007ffe4f153000 	C:\Windows\system32\bcryptprimitives.dll
0x00007ffe4f160000 - 0x00007ffe4f16b000 	C:\Windows\SYSTEM32\CRYPTBASE.dll
0x00007ffe42b70000 - 0x00007ffe42cfa000 	C:\Windows\SYSTEM32\dbghelp.dll

VM Arguments:
jvm_args: -XX:MaxPermSize=256m -XX:+HeapDumpOnOutOfMemoryError -Xmx1024m -Dfile.encoding=windows-1252 -Duser.country=US -Duser.language=en -Duser.variant 
java_command: org.gradle.launcher.daemon.bootstrap.GradleDaemon 2.10
java_class_path (initial): C:\Users\nor\.gradle\wrapper\dists\gradle-2.10-all\a4w5fzrkeut1ox71xslb49gst\gradle-2.10\lib\gradle-launcher-2.10.jar
Launcher Type: SUN_STANDARD

Environment Variables:
PATH=C:\ProgramData\Oracle\Java\javapath;C:\Windows\system32;C:\Windows;C:\Windows\System32\Wbem;C:\Windows\System32\WindowsPowerShell\v1.0\;C:\Program Files (x86)\Windows Kits\8.1\Windows Performance Toolkit\;C:\Program Files\Microsoft SQL Server\110\Tools\Binn\;C:\Program Files (x86)\Skype\Phone\;C:\Program Files\Java\jre1.8.0_73\bin;C:\Program Files\Java\jdk1.8.0_73\bin;C:\Users\nor\AppData\Local\Android\Android\sdk\platform-tools;C:\Program Files\TortoiseGit\bin;C:\Program Files\Git\bin
USERNAME=nor
OS=Windows_NT
PROCESSOR_IDENTIFIER=Intel64 Family 6 Model 61 Stepping 4, GenuineIntel



---------------  S Y S T E M  ---------------

OS: Windows 8.1 , 64 bit Build 9600 (6.3.9600.17415)

CPU:total 4 (2 cores per cpu, 2 threads per core) family 6 model 61 stepping 4, cmov, cx8, fxsr, mmx, sse, sse2, sse3, ssse3, sse4.1, sse4.2, popcnt, avx, avx2, aes, clmul, erms, 3dnowpref, lzcnt, ht, tsc, tscinvbit, bmi1, bmi2, adx

Memory: 4k page, physical 8315248k(1875916k free), swap 16703856k(7989820k free)

vm_info: Java HotSpot(TM) 64-Bit Server VM (25.73-b02) for windows-amd64 JRE (1.8.0_73-b02), built on Jan 29 2016 17:38:49 by "java_re" with MS VC++ 10.0 (VS2010)

time: Sun Apr 17 15:06:49 2016
elapsed time: 4 seconds (0d 0h 0m 4s)

